[General]
FirstMinTempSavedOn=45252

[HDR]
KINGSTON SV300S37A120G (114470 MB)_50026B72570A690E=39804
WDC WD5003ABYX-01WERA1 (476937 MB)_WD-WMAYP5091235=7238

[HDW]
KINGSTON SV300S37A120G (114470 MB)_50026B72570A690E=101291
WDC WD5003ABYX-01WERA1 (476937 MB)_WD-WMAYP5091235=8713

[Sta_KINGSTON SV300S37A120G (114470 MB)_50026B72570A690E]
45252=35,33.10,84,88,33,29012992
MaxTempEverC=36
MaxTempEverCFound=45254.59159,11/24/2023 2:11:53 PM
MinTempEverC=32
MinTempEverCFound=45253.06615,11/23/2023 1:35:15 AM
MaxTempByDriveC=44
Dates=45252,45253,45254,45255,45256,45257,45258
45253=35,33.35,288,88,32,29034496
45254=36,33.54,288,88,33,29065216
45255=34,33.25,288,88,32,29083648
45256=35,33.53,288,88,32,29092864
45257=35,33.61,290,88,33,29108224
45258=34,33.02,96,88,33,29111296

[Sta_WDC WD5003ABYX-01WERA1 (476937 MB)_WD-WMAYP5091235]
45252=41,41.00,84,98,41,-1
MaxTempEverC=42
MaxTempEverCFound=45254.66811,11/24/2023 4:02:04 PM
MinTempEverC=39
MinTempEverCFound=45254.53940,11/24/2023 12:56:44 PM
MaxTempByDriveC=46
Dates=45252,45253,45254,45255,45256,45257,45258
45253=41,40.92,288,98,40,-1
45254=42,40.94,288,98,41,-1
45255=41,40.98,288,98,40,-1
45256=42,41.12,288,98,41,-1
45257=42,40.98,290,98,40,-1
45258=41,41.00,96,98,41,-1

[CurrentDrives]
DriveList=#0: KINGSTON SV300S37A120G / 50026B72570A690E (114470 MB)	#1: WDC WD5003ABYX-01WERA1 / WD-WMAYP5091235 (476937 MB)

